<?xml version="1.0" encoding="UTF-8"?>
<testsuite name="JUnit Jupiter" tests="2" skipped="0" failures="0" errors="0" time="0.173" hostname="null256" timestamp="2024-05-11T08:38:56">
<properties>
[...]
</properties>
<testcase name="checkTest()" classname="ru.bardinpetr.itmo.lab3.PointsTest" time="0.003">
<system-out><![CDATA[
unique-id: [engine:junit-jupiter]/[class:ru.bardinpetr.itmo.lab3.PointsTest]/[method:checkTest()]
display-name: checkTest()
]]></system-out>
</testcase>
<testcase name="testPoint()" classname="ru.bardinpetr.itmo.lab3.PointsTest" time="0.092">
<system-out><![CDATA[
unique-id: [engine:junit-jupiter]/[class:ru.bardinpetr.itmo.lab3.PointsTest]/[method:testPoint()]
display-name: testPoint()
]]></system-out>
</testcase>
<system-out><![CDATA[
unique-id: [engine:junit-jupiter]
display-name: JUnit Jupiter
]]></system-out>
</testsuite>
